<?xml version="1.0" encoding="UTF-8"?>
<!-- Generated by org.testng.reporters.JUnitReportReporter -->
<testsuite skipped="0" hostname="DESKTOP-PFKHA3E" name="testng.TestDataProviderClass" tests="2" failures="0" timestamp="2019-11-07T11:03:18 IST" time="0.016" errors="0">
  <testcase name="testMethod" time="0.004" classname="testng.TestDataProviderClass"/>
  <testcase name="testMethod" time="0.012" classname="testng.TestDataProviderClass"/>
</testsuite> <!-- testng.TestDataProviderClass -->
