<?xml version="1.0" encoding="UTF-8"?>
<!-- Generated by org.testng.reporters.JUnitReportReporter -->
<testsuite skipped="0" hostname="DESKTOP-PFKHA3E" name="testng.DropDownTest" tests="1" failures="0" timestamp="2019-11-12T16:05:52 IST" time="5.385" errors="0">
  <testcase name="dropDownTest" time="5.385" classname="testng.DropDownTest"/>
</testsuite> <!-- testng.DropDownTest -->
