<?xml version="1.0" encoding="UTF-8"?>
<!-- Generated by org.testng.reporters.JUnitReportReporter -->
<testsuite skipped="0" hostname="DESKTOP-PFKHA3E" name="testng.SampleDataProvider" tests="2" failures="0" timestamp="2019-11-07T10:59:43 IST" time="0.012" errors="0">
  <testcase name="testMethod" time="0.010" classname="testng.SampleDataProvider"/>
  <testcase name="testMethod" time="0.002" classname="testng.SampleDataProvider"/>
</testsuite> <!-- testng.SampleDataProvider -->
