<?xml version="1.0" encoding="UTF-8"?>
<!-- Generated by org.testng.reporters.JUnitReportReporter -->
<testsuite skipped="0" hostname="DESKTOP-PFKHA3E" name="testcases.DemoTabExample" tests="1" failures="0" timestamp="2019-11-05T17:44:04 IST" time="7.048" errors="0">
  <testcase name="openTab" time="7.048" classname="testcases.DemoTabExample"/>
</testsuite> <!-- testcases.DemoTabExample -->
