<?xml version="1.0" encoding="UTF-8"?>
<!-- Generated by org.testng.reporters.JUnitReportReporter -->
<testsuite skipped="0" hostname="DESKTOP-PFKHA3E" name="testng.TestCase1" tests="4" failures="0" timestamp="2019-09-20T18:08:01 IST" time="0.002" errors="0">
  <testcase name="login" time="0.002" classname="testng.TestCase1"/>
  <testcase name="mTest" time="0.000" classname="testng.TestCase1"/>
  <testcase name="register" time="0.000" classname="testng.TestCase1"/>
  <testcase name="jtest" time="0.000" classname="testng.TestCase1"/>
</testsuite> <!-- testng.TestCase1 -->
